<?xml version="1.0" encoding="utf-8"?><testsuites name="pytest tests"><testsuite name="pytest" errors="0" failures="0" skipped="0" tests="10" time="44.133" timestamp="2026-09-26T17:57:23.062205+00:00" hostname="runnervmtr4k5"><testcase classname="tests.test_local_clerk_integration" name="test_the_local_runtime_is_actually_reachable" time="0.635" /><testcase classname="tests.test_local_clerk_integration" name="test_a_real_local_model_answers_a_real_prompt" time="1.083" /><testcase classname="tests.test_local_clerk_integration" name="test_the_qualification_suite_runs_against_a_live_model" time="9.721" /><testcase classname="tests.test_local_clerk_integration" name="test_the_dispatcher_honours_the_live_verdict" time="8.502" /><testcase classname="tests.test_local_clerk_integration" name="test_deterministic_code_still_wins_over_a_live_model" time="7.506" /><testcase classname="tests.test_local_clerk_integration" name="test_the_live_verdict_is_recorded_as_evidence" time="8.419" /><testcase classname="tests.test_model_passport_live_integration" name="test_reconcile_discovers_the_live_model_rather_than_a_seeded_row" time="7.825" /><testcase classname="tests.test_model_passport_live_integration" name="test_the_passport_faithfully_projects_a_real_qualification_run" time="0.001" /><testcase classname="tests.test_model_passport_live_integration" name="test_a_role_the_live_evidence_does_not_back_is_refused" time="0.004" /><testcase classname="tests.test_model_passport_live_integration" name="test_an_unregistered_model_has_no_passport" time="0.001" /></testsuite></testsuites>