<?xml version="1.0" encoding="utf-8"?><testsuites name="pytest tests"><testsuite name="pytest" errors="0" failures="0" skipped="0" tests="4" time="4.631" timestamp="2026-09-15T10:28:08.567832+05:30" hostname="Swapnil"><testcase classname="tests.test_executor_integration" name="test_private_executor_isolation_contract" time="1.684" /><testcase classname="tests.test_executor_integration" name="test_trace_context_reaches_the_isolated_container" time="0.582" /><testcase classname="tests.test_executor_integration" name="test_private_executor_timeout_is_refused" time="1.030" /><testcase classname="tests.test_executor_integration" name="test_missing_private_executor_is_refused" time="1.010" /></testsuite></testsuites>