<?xml version="1.0" encoding="utf-8"?><testsuites name="pytest tests"><testsuite name="pytest" errors="0" failures="0" skipped="0" tests="4" time="6.888" timestamp="2026-09-19T21:55:43.840837+05:30" hostname="Swapnil"><testcase classname="tests.test_executor_integration" name="test_private_executor_isolation_contract" time="3.360" /><testcase classname="tests.test_executor_integration" name="test_trace_context_reaches_the_isolated_container" time="1.007" /><testcase classname="tests.test_executor_integration" name="test_private_executor_timeout_is_refused" time="1.021" /><testcase classname="tests.test_executor_integration" name="test_missing_private_executor_is_refused" time="1.014" /></testsuite></testsuites>